<?xml version="1.0" encoding="utf-8"?><testsuites name="pytest tests"><testsuite name="pytest" errors="0" failures="0" skipped="0" tests="16" time="14.702" timestamp="2026-06-10T18:53:05.057240+00:00" hostname="agent-env-807583ea-1087-4a60-8267-80b9cddaec19"><testcase classname="backend.tests.test_admin_api.TestAdminAuthGating" name="test_unauth_admin_heroes_returns_401" time="0.204" /><testcase classname="backend.tests.test_admin_api.TestAdminAuthGating" name="test_non_admin_admin_heroes_returns_403" time="0.395" /><testcase classname="backend.tests.test_admin_api.TestAdminAuthGating" name="test_unauth_generate_401" time="0.053" /><testcase classname="backend.tests.test_admin_api.TestAdminAuthGating" name="test_non_admin_generate_403" time="0.062" /><testcase classname="backend.tests.test_admin_api.TestAdminAuthGating" name="test_non_admin_delete_403" time="0.047" /><testcase classname="backend.tests.test_admin_api.TestAdminHeroesList" name="test_list_heroes_admin_success" time="0.415" /><testcase classname="backend.tests.test_admin_api.TestPublicCatalog" name="test_catalog_baseline" time="0.063" /><testcase classname="backend.tests.test_admin_api.TestHeroSaveAndDelete" name="test_save_invalid_element_400" time="0.064" /><testcase classname="backend.tests.test_admin_api.TestHeroSaveAndDelete" name="test_save_custom_hero_and_appears_in_catalog" time="0.177" /><testcase classname="backend.tests.test_admin_api.TestHeroSaveAndDelete" name="test_save_clamps_out_of_band_stats" time="0.053" /><testcase classname="backend.tests.test_admin_api.TestHeroSaveAndDelete" name="test_delete_static_hero_returns_400" time="0.052" /><testcase classname="backend.tests.test_admin_api.TestHeroSaveAndDelete" name="test_delete_custom_hero_success" time="0.307" /><testcase classname="backend.tests.test_admin_api.TestPortraitOverride" name="test_portrait_override_static_hero_blaze" time="0.122" /><testcase classname="backend.tests.test_admin_api.TestPortraitOverride" name="test_portrait_unknown_hero_404" time="0.056" /><testcase classname="backend.tests.test_admin_api.TestAIHeroGenerate" name="test_generate_returns_draft" time="11.863" /><testcase classname="backend.tests.test_admin_api" name="test_cleanup_created_heroes" time="0.629" /></testsuite></testsuites>