<?xml version="1.0" encoding="utf-8"?><testsuites name="pytest tests"><testsuite name="pytest" errors="0" failures="0" skipped="0" tests="8" time="3.383" timestamp="2026-06-10T22:20:49.167254+00:00" hostname="agent-env-807583ea-1087-4a60-8267-80b9cddaec19"><testcase classname="backend.tests.test_art_studio.TestArtAuthGating" name="test_describe_unauth_401" time="0.258" /><testcase classname="backend.tests.test_art_studio.TestArtAuthGating" name="test_generate_unauth_401" time="0.054" /><testcase classname="backend.tests.test_art_studio.TestArtAuthGating" name="test_describe_player_403" time="0.408" /><testcase classname="backend.tests.test_art_studio.TestArtAuthGating" name="test_generate_player_403" time="0.051" /><testcase classname="backend.tests.test_art_studio.TestArtDescribe" name="test_describe_admin_success" time="2.182" /><testcase classname="backend.tests.test_art_studio.TestArtDescribe" name="test_describe_validation_blank_name" time="0.058" /><testcase classname="backend.tests.test_art_studio.TestArtGenerate" name="test_generate_count_capped_to_4" time="0.000" /><testcase classname="backend.tests.test_art_studio.TestArtApplyAsPortrait" name="test_apply_and_revert_on_custom_hero" time="0.308" /></testsuite></testsuites>