<?xml version="1.0" encoding="utf-8"?><testsuites name="pytest tests"><testsuite name="pytest" errors="0" failures="0" skipped="3" tests="32" time="12.246" timestamp="2026-06-09T20:28:46.611794+00:00" hostname="agent-env-807583ea-1087-4a60-8267-80b9cddaec19"><testcase classname="backend.tests.test_shinobi_api.TestAuth" name="test_login_admin" time="0.457" /><testcase classname="backend.tests.test_shinobi_api.TestAuth" name="test_login_invalid" time="0.341" /><testcase classname="backend.tests.test_shinobi_api.TestAuth" name="test_register_returns_profile_with_starters" time="0.346" /><testcase classname="backend.tests.test_shinobi_api.TestAuth" name="test_me_unauthenticated" time="0.123" /><testcase classname="backend.tests.test_shinobi_api.TestCatalog" name="test_catalog_returns_38_chars_with_items_and_cost" time="0.161" /><testcase classname="backend.tests.test_shinobi_api.TestCatalog" name="test_portrait_images_return_200" time="1.374" /><testcase classname="backend.tests.test_shinobi_api.TestCatalog" name="test_stages_returns_12" time="0.112" /><testcase classname="backend.tests.test_shinobi_api.TestProfile" name="test_admin_seed_has_capped_blaze_and_inventory" time="0.413" /><testcase classname="backend.tests.test_shinobi_api.TestProfile" name="test_set_team_valid_persists" time="0.443" /><testcase classname="backend.tests.test_shinobi_api.TestProfile" name="test_set_team_empty_rejected" time="0.404" /><testcase classname="backend.tests.test_shinobi_api.TestBattle" name="test_win_grants_hero_exp_and_items_and_persists" time="0.877" /><testcase classname="backend.tests.test_shinobi_api.TestBattle" name="test_lose_no_rewards_increments_losses" time="0.449" /><testcase classname="backend.tests.test_shinobi_api.TestSummon" name="test_summon_with_ryo" time="0.483" /><testcase classname="backend.tests.test_shinobi_api.TestSummon" name="test_summon_with_ticket" time="0.067"><skipped type="pytest.skip" message="admin has no tickets left">/app/backend/tests/test_shinobi_api.py:204: admin has no tickets left</skipped></testcase><testcase classname="backend.tests.test_shinobi_api.TestSummon" name="test_summon_ticket_fails_without_tickets" time="0.481" /><testcase classname="backend.tests.test_shinobi_api.TestSummon" name="test_summon_fails_when_low_ryo" time="0.417" /><testcase classname="backend.tests.test_shinobi_api.TestUseExp" name="test_use_exp_tome_adds_exp_and_decrements_inventory" time="0.150" /><testcase classname="backend.tests.test_shinobi_api.TestUseExp" name="test_use_exp_on_capped_hero_fails" time="0.065"><skipped type="pytest.skip" message="blaze not at cap (already ascended in prior run)">/app/backend/tests/test_shinobi_api.py:251: blaze not at cap (already ascended in prior run)</skipped></testcase><testcase classname="backend.tests.test_shinobi_api.TestUseExp" name="test_use_exp_insufficient_count" time="0.507" /><testcase classname="backend.tests.test_shinobi_api.TestAscend" name="test_ascend_blaze_at_cap_succeeds_or_skip_if_done" time="0.071"><skipped type="pytest.skip" message="blaze not at cap (was ascended earlier without level-up)">/app/backend/tests/test_shinobi_api.py:274: blaze not at cap (was ascended earlier without level-up)</skipped></testcase><testcase classname="backend.tests.test_shinobi_api.TestAscend" name="test_ascend_not_at_cap_fails" time="0.430" /><testcase classname="backend.tests.test_shinobi_api.TestAscend" name="test_ascend_invalid_instance" time="0.074" /><testcase classname="backend.tests.test_shinobi_api.TestRemovedEndpoint" name="test_old_levelup_endpoint_is_gone" time="0.067" /><testcase classname="backend.tests.test_shinobi_api.TestSpire" name="test_profile_has_spire_floor" time="0.426" /><testcase classname="backend.tests.test_shinobi_api.TestSpire" name="test_spire_win_floor1_advances" time="0.450" /><testcase classname="backend.tests.test_shinobi_api.TestSpire" name="test_spire_replay_same_floor_does_not_advance" time="0.574" /><testcase classname="backend.tests.test_shinobi_api.TestSpire" name="test_spire_skip_floor_not_allowed" time="0.466" /><testcase classname="backend.tests.test_shinobi_api.TestSpire" name="test_spire_lose_returns_null_rewards" time="0.508" /><testcase classname="backend.tests.test_shinobi_api.TestTrials" name="test_trial_crystal_win_grants_rewards_and_inventory" time="0.476" /><testcase classname="backend.tests.test_shinobi_api.TestTrials" name="test_trial_invalid_id_404" time="0.398" /><testcase classname="backend.tests.test_shinobi_api.TestTrials" name="test_trial_lose_returns_null_rewards" time="0.393" /><testcase classname="backend.tests.test_shinobi_api.TestLeaderboard" name="test_leaderboard_returns_rows" time="0.112" /></testsuite></testsuites>